<?xml version="1.0" encoding="utf-8" standalone="no"?>
<test-results xmlns:xsi="http://www.w3.org/2001/XMLSchema-instance" xsi:noNamespaceSchemaLocation="nunit_schema_2.5.xsd" name="Pester" total="3" errors="0" failures="3" not-run="0" inconclusive="0" ignored="0" skipped="0" invalid="0" date="2026-03-07" time="14:25:01">
  <environment machine-name="BB-DC01" nunit-version="2.5.8.0" os-version="10.0.26100" user="Administrator" cwd="C:\Users\Administrator\COM5411_Assignment" clr-version="9.0.10" user-domain="BB-DC01" platform="Microsoft Windows Server 2025 Datacenter|C:\WINDOWS|\Device\Harddisk0\Partition2" />
  <culture-info current-culture="en-GB" current-uiculture="en-US" />
  <test-suite type="TestFixture" name="Pester" executed="True" result="Failure" success="False" time="2.3687" asserts="0" description="Pester">
    <results>
      <test-suite type="TestFixture" name="C:\Users\Administrator\COM5411_Assignment\Tests\Pester\Baseline.Tests.ps1" executed="True" result="Failure" success="False" time="2.3687" asserts="0" description="C:\Users\Administrator\COM5411_Assignment\Tests\Pester\Baseline.Tests.ps1">
        <results>
          <test-suite type="TestFixture" name="Server Baseline Validation" executed="True" result="Failure" success="False" time="0.5432" asserts="0" description="Server Baseline Validation">
            <results>
              <test-case description="Hostname matches declared intent in AllNodes" name="Server Baseline Validation.Hostname matches declared intent in AllNodes" time="0" asserts="0" success="False" result="Failure" executed="True">
                <failure>
                  <message>This test should run but it did not. Most likely a setup in some parent block failed.</message>
                  <stack-trace />
                </failure>
              </test-case>
              <test-case description="Timezone matches declared intent in AllNodes" name="Server Baseline Validation.Timezone matches declared intent in AllNodes" time="0" asserts="0" success="False" result="Failure" executed="True">
                <failure>
                  <message>This test should run but it did not. Most likely a setup in some parent block failed.</message>
                  <stack-trace />
                </failure>
              </test-case>
              <test-case description="Windows Time service is running" name="Server Baseline Validation.Windows Time service is running" time="0" asserts="0" success="False" result="Failure" executed="True">
                <failure>
                  <message>This test should run but it did not. Most likely a setup in some parent block failed.</message>
                  <stack-trace />
                </failure>
              </test-case>
            </results>
          </test-suite>
        </results>
      </test-suite>
    </results>
  </test-suite>
</test-results>